<?xml version="1.0" encoding="UTF-8"?>
<testng-results skipped="0" failed="0" total="1" passed="1">
  <reporter-output>
  </reporter-output>
  <suite name="Default suite" duration-ms="667" started-at="2018-05-31T06:12:32Z" finished-at="2018-05-31T06:12:33Z">
    <groups>
    </groups>
    <test name="Default test" duration-ms="667" started-at="2018-05-31T06:12:32Z" finished-at="2018-05-31T06:12:33Z">
      <class name="test_pack.testDemo">
        <test-method status="PASS" signature="init()[pri:0, instance:test_pack.testDemo@551aa95a]" name="init" is-config="true" duration-ms="319" started-at="2018-05-31T14:12:32Z" finished-at="2018-05-31T14:12:33Z">
          <reporter-output>
          </reporter-output>
        </test-method> <!-- init -->
        <test-method status="PASS" signature="test()[pri:0, instance:test_pack.testDemo@551aa95a]" name="test" duration-ms="80" started-at="2018-05-31T14:12:33Z" finished-at="2018-05-31T14:12:33Z">
          <reporter-output>
          </reporter-output>
        </test-method> <!-- test -->
      </class> <!-- test_pack.testDemo -->
    </test> <!-- Default test -->
  </suite> <!-- Default suite -->
</testng-results>
